<?xml version="1.0" encoding="UTF-8"?>
<!-- Generated by org.testng.reporters.JUnitReportReporter -->
<testsuite hostname="Adwaitha" failures="0" tests="1" name="tests.glammytest" time="41.548" errors="0" timestamp="2023-07-30T14:25:08 IST" skipped="0">
  <testcase classname="tests.glammytest" name="glammyytestt" time="41.548"/>
</testsuite> <!-- tests.glammytest -->
